

Started GET "/signin" for 127.0.0.1 at Mon May 23 13:36:20 +0400 2011
  Processing by SessionsController#new as HTML
Rendered layouts/_stylesheets.html.erb (2.9ms)
  [1m[36mSQL (1.0ms)[0m  [1m SELECT name
 FROM sqlite_master
 WHERE type = 'table' AND NOT name = 'sqlite_sequence'
[0m
  [1m[35mUser Load (1.0ms)[0m  SELECT "users".* FROM "users" WHERE "users"."id" IS NULL LIMIT 1
  [1m[36mCACHE (0.0ms)[0m  [1mSELECT "users".* FROM "users" WHERE "users"."id" IS NULL LIMIT 1[0m
Rendered layouts/_header.html.erb (310.5ms)
Rendered layouts/_footer.html.erb (2.0ms)
Rendered sessions/new.html.erb within layouts/application (454.1ms)
Completed 200 OK in 536ms (Views: 533.2ms | ActiveRecord: 2.0ms)


Started POST "/sessions" for 127.0.0.1 at Mon May 23 13:36:48 +0400 2011
  Processing by SessionsController#create as HTML
  Parameters: {"commit"=>"Sign in", "session"=>{"password"=>"[FILTERED]", "email"=>"example@railstutorial.org"}, "authenticity_token"=>"unFLjwzQi++jL7nK3zH9ZB3SEvLrTi5RyqBiLwHCxuQ=", "utf8"=>"✓"}
  [1m[35mUser Load (1.0ms)[0m  SELECT "users".* FROM "users" WHERE "users"."email" = 'example@railstutorial.org' LIMIT 1
Redirected to http://localhost:3000/users/1
Completed 302 Found in 310ms


Started GET "/users/1" for 127.0.0.1 at Mon May 23 13:36:49 +0400 2011
  Processing by UsersController#show as HTML
  Parameters: {"id"=>"1"}
  [1m[36mUser Load (1.0ms)[0m  [1mSELECT "users".* FROM "users" WHERE "users"."id" = 1 LIMIT 1[0m
  [1m[35mMicropost Load (2.9ms)[0m  SELECT "microposts".* FROM "microposts" WHERE ("microposts".user_id = 1) ORDER BY microposts.created_at DESC LIMIT 30 OFFSET 0
  [1m[36mSQL (1.0ms)[0m  [1mSELECT COUNT(*) FROM "microposts" WHERE ("microposts".user_id = 1)[0m
  [1m[35mCACHE (0.0ms)[0m  SELECT "users".* FROM "users" WHERE "users"."id" = 1 LIMIT 1
Rendered users/_follow_form.html.erb (2.0ms)
  [1m[36mCACHE (0.0ms)[0m  [1mSELECT COUNT(*) FROM "microposts" WHERE ("microposts".user_id = 1)[0m
  [1m[35mCACHE (0.0ms)[0m  SELECT "users".* FROM "users" WHERE "users"."id" = 1 LIMIT 1
  [1m[36mCACHE (0.0ms)[0m  [1mSELECT "users".* FROM "users" WHERE "users"."id" = 1 LIMIT 1[0m
  [1m[35mCACHE (0.0ms)[0m  SELECT "users".* FROM "users" WHERE "users"."id" = 1 LIMIT 1
  [1m[36mCACHE (0.0ms)[0m  [1mSELECT "users".* FROM "users" WHERE "users"."id" = 1 LIMIT 1[0m
  [1m[35mCACHE (0.0ms)[0m  SELECT "users".* FROM "users" WHERE "users"."id" = 1 LIMIT 1
  [1m[36mCACHE (0.0ms)[0m  [1mSELECT "users".* FROM "users" WHERE "users"."id" = 1 LIMIT 1[0m
  [1m[35mCACHE (0.0ms)[0m  SELECT "users".* FROM "users" WHERE "users"."id" = 1 LIMIT 1
  [1m[36mCACHE (0.0ms)[0m  [1mSELECT "users".* FROM "users" WHERE "users"."id" = 1 LIMIT 1[0m
  [1m[35mCACHE (0.0ms)[0m  SELECT "users".* FROM "users" WHERE "users"."id" = 1 LIMIT 1
  [1m[36mCACHE (0.0ms)[0m  [1mSELECT "users".* FROM "users" WHERE "users"."id" = 1 LIMIT 1[0m
  [1m[35mCACHE (0.0ms)[0m  SELECT "users".* FROM "users" WHERE "users"."id" = 1 LIMIT 1
  [1m[36mCACHE (0.0ms)[0m  [1mSELECT "users".* FROM "users" WHERE "users"."id" = 1 LIMIT 1[0m
  [1m[35mCACHE (0.0ms)[0m  SELECT "users".* FROM "users" WHERE "users"."id" = 1 LIMIT 1
  [1m[36mCACHE (0.0ms)[0m  [1mSELECT "users".* FROM "users" WHERE "users"."id" = 1 LIMIT 1[0m
  [1m[35mCACHE (0.0ms)[0m  SELECT "users".* FROM "users" WHERE "users"."id" = 1 LIMIT 1
  [1m[36mCACHE (0.0ms)[0m  [1mSELECT "users".* FROM "users" WHERE "users"."id" = 1 LIMIT 1[0m
  [1m[35mCACHE (0.0ms)[0m  SELECT "users".* FROM "users" WHERE "users"."id" = 1 LIMIT 1
  [1m[36mCACHE (0.0ms)[0m  [1mSELECT "users".* FROM "users" WHERE "users"."id" = 1 LIMIT 1[0m
  [1m[35mCACHE (0.0ms)[0m  SELECT "users".* FROM "users" WHERE "users"."id" = 1 LIMIT 1
  [1m[36mCACHE (0.0ms)[0m  [1mSELECT "users".* FROM "users" WHERE "users"."id" = 1 LIMIT 1[0m
  [1m[35mCACHE (0.0ms)[0m  SELECT "users".* FROM "users" WHERE "users"."id" = 1 LIMIT 1
  [1m[36mCACHE (0.0ms)[0m  [1mSELECT "users".* FROM "users" WHERE "users"."id" = 1 LIMIT 1[0m
  [1m[35mCACHE (0.0ms)[0m  SELECT "users".* FROM "users" WHERE "users"."id" = 1 LIMIT 1
  [1m[36mCACHE (0.0ms)[0m  [1mSELECT "users".* FROM "users" WHERE "users"."id" = 1 LIMIT 1[0m
  [1m[35mCACHE (0.0ms)[0m  SELECT "users".* FROM "users" WHERE "users"."id" = 1 LIMIT 1
  [1m[36mCACHE (0.0ms)[0m  [1mSELECT "users".* FROM "users" WHERE "users"."id" = 1 LIMIT 1[0m
  [1m[35mCACHE (0.0ms)[0m  SELECT "users".* FROM "users" WHERE "users"."id" = 1 LIMIT 1
  [1m[36mCACHE (0.0ms)[0m  [1mSELECT "users".* FROM "users" WHERE "users"."id" = 1 LIMIT 1[0m
  [1m[35mCACHE (0.0ms)[0m  SELECT "users".* FROM "users" WHERE "users"."id" = 1 LIMIT 1
  [1m[36mCACHE (0.0ms)[0m  [1mSELECT "users".* FROM "users" WHERE "users"."id" = 1 LIMIT 1[0m
Rendered microposts/_micropost.html.erb (263.7ms)
  [1m[35mCACHE (0.0ms)[0m  SELECT COUNT(*) FROM "microposts" WHERE ("microposts".user_id = 1)
  [1m[36mSQL (0.0ms)[0m  [1mSELECT COUNT(*) FROM "users" INNER JOIN "relationships" ON "users".id = "relationships".followed_id WHERE (("relationships".follower_id = 1))[0m
  [1m[35mSQL (1.0ms)[0m  SELECT COUNT(*) FROM "users" INNER JOIN "relationships" ON "users".id = "relationships".follower_id WHERE (("relationships".followed_id = 1))
Rendered shared/_stats.html.erb (53.7ms)
Rendered layouts/_stylesheets.html.erb (3.9ms)
Rendered layouts/_header.html.erb (6.8ms)
Rendered layouts/_footer.html.erb (2.9ms)
Rendered users/show.html.erb within layouts/application (738.3ms)
Completed 200 OK in 1200ms (Views: 851.6ms | ActiveRecord: 5.9ms)


Started GET "/" for 127.0.0.1 at Mon May 23 13:36:56 +0400 2011
  Processing by PagesController#home as HTML
  [1m[36mUser Load (1.0ms)[0m  [1mSELECT "users".* FROM "users" WHERE "users"."id" = 1 LIMIT 1[0m
  [1m[35mMicropost Load (11.7ms)[0m  SELECT "microposts".* FROM "microposts" WHERE (user_id IN (SELECT followed_id FROM relationships
 WHERE follower_id = 1) OR user_id = 1) ORDER BY microposts.created_at DESC LIMIT 30 OFFSET 0
  [1m[36mSQL (1.0ms)[0m  [1mSELECT COUNT(*) FROM "microposts" WHERE (user_id IN (SELECT followed_id FROM relationships
 WHERE follower_id = 1) OR user_id = 1)[0m
Rendered shared/_error_messages.html.erb (1.0ms)
Rendered shared/_micropost_form.html.erb (210.0ms)
  [1m[35mCACHE (0.0ms)[0m  SELECT "users".* FROM "users" WHERE "users"."id" = 1 LIMIT 1
  [1m[36mUser Load (2.0ms)[0m  [1mSELECT "users".* FROM "users" WHERE "users"."id" = 6 LIMIT 1[0m
  [1m[35mCACHE (0.0ms)[0m  SELECT "users".* FROM "users" WHERE "users"."id" = 6 LIMIT 1
  [1m[36mCACHE (0.0ms)[0m  [1mSELECT "users".* FROM "users" WHERE "users"."id" = 6 LIMIT 1[0m
  [1m[35mCACHE (0.0ms)[0m  SELECT "users".* FROM "users" WHERE "users"."id" = 6 LIMIT 1
  [1m[36mCACHE (0.0ms)[0m  [1mSELECT "users".* FROM "users" WHERE "users"."id" = 6 LIMIT 1[0m
  [1m[35mCACHE (0.0ms)[0m  SELECT "users".* FROM "users" WHERE "users"."id" = 6 LIMIT 1
  [1m[36mCACHE (0.0ms)[0m  [1mSELECT "users".* FROM "users" WHERE "users"."id" = 6 LIMIT 1[0m
  [1m[35mCACHE (0.0ms)[0m  SELECT "users".* FROM "users" WHERE "users"."id" = 6 LIMIT 1
  [1m[36mCACHE (0.0ms)[0m  [1mSELECT "users".* FROM "users" WHERE "users"."id" = 6 LIMIT 1[0m
  [1m[35mCACHE (0.0ms)[0m  SELECT "users".* FROM "users" WHERE "users"."id" = 6 LIMIT 1
  [1m[36mCACHE (0.0ms)[0m  [1mSELECT "users".* FROM "users" WHERE "users"."id" = 6 LIMIT 1[0m
  [1m[35mCACHE (0.0ms)[0m  SELECT "users".* FROM "users" WHERE "users"."id" = 6 LIMIT 1
  [1m[36mCACHE (0.0ms)[0m  [1mSELECT "users".* FROM "users" WHERE "users"."id" = 6 LIMIT 1[0m
  [1m[35mCACHE (0.0ms)[0m  SELECT "users".* FROM "users" WHERE "users"."id" = 6 LIMIT 1
  [1m[36mCACHE (0.0ms)[0m  [1mSELECT "users".* FROM "users" WHERE "users"."id" = 6 LIMIT 1[0m
  [1m[35mCACHE (0.0ms)[0m  SELECT "users".* FROM "users" WHERE "users"."id" = 6 LIMIT 1
  [1m[36mCACHE (0.0ms)[0m  [1mSELECT "users".* FROM "users" WHERE "users"."id" = 6 LIMIT 1[0m
  [1m[35mCACHE (0.0ms)[0m  SELECT "users".* FROM "users" WHERE "users"."id" = 6 LIMIT 1
  [1m[36mCACHE (0.0ms)[0m  [1mSELECT "users".* FROM "users" WHERE "users"."id" = 6 LIMIT 1[0m
  [1m[35mCACHE (0.0ms)[0m  SELECT "users".* FROM "users" WHERE "users"."id" = 6 LIMIT 1
  [1m[36mCACHE (0.0ms)[0m  [1mSELECT "users".* FROM "users" WHERE "users"."id" = 6 LIMIT 1[0m
  [1m[35mCACHE (0.0ms)[0m  SELECT "users".* FROM "users" WHERE "users"."id" = 6 LIMIT 1
  [1m[36mCACHE (0.0ms)[0m  [1mSELECT "users".* FROM "users" WHERE "users"."id" = 6 LIMIT 1[0m
  [1m[35mCACHE (0.0ms)[0m  SELECT "users".* FROM "users" WHERE "users"."id" = 6 LIMIT 1
  [1m[36mCACHE (0.0ms)[0m  [1mSELECT "users".* FROM "users" WHERE "users"."id" = 6 LIMIT 1[0m
  [1m[35mCACHE (0.0ms)[0m  SELECT "users".* FROM "users" WHERE "users"."id" = 6 LIMIT 1
  [1m[36mCACHE (0.0ms)[0m  [1mSELECT "users".* FROM "users" WHERE "users"."id" = 6 LIMIT 1[0m
  [1m[35mCACHE (0.0ms)[0m  SELECT "users".* FROM "users" WHERE "users"."id" = 6 LIMIT 1
  [1m[36mCACHE (0.0ms)[0m  [1mSELECT "users".* FROM "users" WHERE "users"."id" = 6 LIMIT 1[0m
Rendered shared/_feed_item.html.erb (350.6ms)
Rendered shared/_feed.html.erb (398.4ms)
  [1m[35mSQL (1.0ms)[0m  SELECT COUNT(*) FROM "microposts" WHERE ("microposts".user_id = 1)
Rendered shared/_user_info.html.erb (22.5ms)
  [1m[36mSQL (2.9ms)[0m  [1mSELECT COUNT(*) FROM "users" INNER JOIN "relationships" ON "users".id = "relationships".followed_id WHERE (("relationships".follower_id = 1))[0m
  [1m[35mSQL (0.0ms)[0m  SELECT COUNT(*) FROM "users" INNER JOIN "relationships" ON "users".id = "relationships".follower_id WHERE (("relationships".followed_id = 1))
Rendered shared/_stats.html.erb (74.2ms)
Rendered layouts/_stylesheets.html.erb (7.8ms)
Rendered layouts/_header.html.erb (130.9ms)
Rendered layouts/_footer.html.erb (2.0ms)
Rendered pages/home.html.erb within layouts/application (1221.7ms)
Completed 200 OK in 1747ms (Views: 1354.5ms | ActiveRecord: 19.5ms)


Started POST "/microposts" for 127.0.0.1 at Mon May 23 13:37:02 +0400 2011
  Processing by MicropostsController#create as HTML
  Parameters: {"commit"=>"Submit", "micropost"=>{"content"=>"1"}, "authenticity_token"=>"unFLjwzQi++jL7nK3zH9ZB3SEvLrTi5RyqBiLwHCxuQ=", "utf8"=>"✓"}
  [1m[36mUser Load (1.0ms)[0m  [1mSELECT "users".* FROM "users" WHERE "users"."id" = 1 LIMIT 1[0m
  [1m[35mAREL (1.0ms)[0m  INSERT INTO "microposts" ("content", "updated_at", "user_id", "created_at") VALUES ('1', '2011-05-23 09:37:03.464843', 1, '2011-05-23 09:37:03.464843')
Redirected to http://localhost:3000/
Completed 302 Found in 609ms


Started GET "/" for 127.0.0.1 at Mon May 23 13:37:03 +0400 2011
  Processing by PagesController#home as HTML
  [1m[36mUser Load (2.0ms)[0m  [1mSELECT "users".* FROM "users" WHERE "users"."id" = 1 LIMIT 1[0m
  [1m[35mMicropost Load (7.8ms)[0m  SELECT "microposts".* FROM "microposts" WHERE (user_id IN (SELECT followed_id FROM relationships
 WHERE follower_id = 1) OR user_id = 1) ORDER BY microposts.created_at DESC LIMIT 30 OFFSET 0
  [1m[36mSQL (11.7ms)[0m  [1mSELECT COUNT(*) FROM "microposts" WHERE (user_id IN (SELECT followed_id FROM relationships
 WHERE follower_id = 1) OR user_id = 1)[0m
Rendered shared/_error_messages.html.erb (2.0ms)
Rendered shared/_micropost_form.html.erb (43.0ms)
  [1m[35mCACHE (0.0ms)[0m  SELECT "users".* FROM "users" WHERE "users"."id" = 1 LIMIT 1
  [1m[36mCACHE (0.0ms)[0m  [1mSELECT "users".* FROM "users" WHERE "users"."id" = 1 LIMIT 1[0m
  [1m[35mUser Load (1.0ms)[0m  SELECT "users".* FROM "users" WHERE "users"."id" = 6 LIMIT 1
  [1m[36mCACHE (0.0ms)[0m  [1mSELECT "users".* FROM "users" WHERE "users"."id" = 6 LIMIT 1[0m
  [1m[35mCACHE (0.0ms)[0m  SELECT "users".* FROM "users" WHERE "users"."id" = 6 LIMIT 1
  [1m[36mCACHE (0.0ms)[0m  [1mSELECT "users".* FROM "users" WHERE "users"."id" = 6 LIMIT 1[0m
  [1m[35mCACHE (0.0ms)[0m  SELECT "users".* FROM "users" WHERE "users"."id" = 6 LIMIT 1
  [1m[36mCACHE (0.0ms)[0m  [1mSELECT "users".* FROM "users" WHERE "users"."id" = 6 LIMIT 1[0m
  [1m[35mCACHE (0.0ms)[0m  SELECT "users".* FROM "users" WHERE "users"."id" = 6 LIMIT 1
  [1m[36mCACHE (0.0ms)[0m  [1mSELECT "users".* FROM "users" WHERE "users"."id" = 6 LIMIT 1[0m
  [1m[35mCACHE (0.0ms)[0m  SELECT "users".* FROM "users" WHERE "users"."id" = 6 LIMIT 1
  [1m[36mCACHE (0.0ms)[0m  [1mSELECT "users".* FROM "users" WHERE "users"."id" = 6 LIMIT 1[0m
  [1m[35mCACHE (0.0ms)[0m  SELECT "users".* FROM "users" WHERE "users"."id" = 6 LIMIT 1
  [1m[36mCACHE (0.0ms)[0m  [1mSELECT "users".* FROM "users" WHERE "users"."id" = 6 LIMIT 1[0m
  [1m[35mCACHE (0.0ms)[0m  SELECT "users".* FROM "users" WHERE "users"."id" = 6 LIMIT 1
  [1m[36mCACHE (0.0ms)[0m  [1mSELECT "users".* FROM "users" WHERE "users"."id" = 6 LIMIT 1[0m
  [1m[35mCACHE (0.0ms)[0m  SELECT "users".* FROM "users" WHERE "users"."id" = 6 LIMIT 1
  [1m[36mCACHE (0.0ms)[0m  [1mSELECT "users".* FROM "users" WHERE "users"."id" = 6 LIMIT 1[0m
  [1m[35mCACHE (0.0ms)[0m  SELECT "users".* FROM "users" WHERE "users"."id" = 6 LIMIT 1
  [1m[36mCACHE (0.0ms)[0m  [1mSELECT "users".* FROM "users" WHERE "users"."id" = 6 LIMIT 1[0m
  [1m[35mCACHE (0.0ms)[0m  SELECT "users".* FROM "users" WHERE "users"."id" = 6 LIMIT 1
  [1m[36mCACHE (0.0ms)[0m  [1mSELECT "users".* FROM "users" WHERE "users"."id" = 6 LIMIT 1[0m
  [1m[35mCACHE (0.0ms)[0m  SELECT "users".* FROM "users" WHERE "users"."id" = 6 LIMIT 1
  [1m[36mCACHE (0.0ms)[0m  [1mSELECT "users".* FROM "users" WHERE "users"."id" = 6 LIMIT 1[0m
  [1m[35mCACHE (0.0ms)[0m  SELECT "users".* FROM "users" WHERE "users"."id" = 6 LIMIT 1
  [1m[36mCACHE (0.0ms)[0m  [1mSELECT "users".* FROM "users" WHERE "users"."id" = 6 LIMIT 1[0m
  [1m[35mCACHE (0.0ms)[0m  SELECT "users".* FROM "users" WHERE "users"."id" = 6 LIMIT 1
  [1m[36mCACHE (0.0ms)[0m  [1mSELECT "users".* FROM "users" WHERE "users"."id" = 6 LIMIT 1[0m
  [1m[35mCACHE (0.0ms)[0m  SELECT "users".* FROM "users" WHERE "users"."id" = 6 LIMIT 1
  [1m[36mCACHE (0.0ms)[0m  [1mSELECT "users".* FROM "users" WHERE "users"."id" = 6 LIMIT 1[0m
Rendered shared/_feed_item.html.erb (277.3ms)
Rendered shared/_feed.html.erb (298.8ms)
  [1m[35mSQL (0.0ms)[0m  SELECT COUNT(*) FROM "microposts" WHERE ("microposts".user_id = 1)
Rendered shared/_user_info.html.erb (10.7ms)
  [1m[36mSQL (0.0ms)[0m  [1mSELECT COUNT(*) FROM "users" INNER JOIN "relationships" ON "users".id = "relationships".followed_id WHERE (("relationships".follower_id = 1))[0m
  [1m[35mSQL (1.0ms)[0m  SELECT COUNT(*) FROM "users" INNER JOIN "relationships" ON "users".id = "relationships".follower_id WHERE (("relationships".followed_id = 1))
Rendered shared/_stats.html.erb (218.8ms)
Rendered layouts/_stylesheets.html.erb (10.7ms)
Rendered layouts/_header.html.erb (9.8ms)
Rendered layouts/_footer.html.erb (2.0ms)
Rendered pages/home.html.erb within layouts/application (707.0ms)
Completed 200 OK in 894ms (Views: 752.9ms | ActiveRecord: 23.4ms)


Started GET "/users/1/following" for 127.0.0.1 at Mon May 23 13:37:10 +0400 2011
  Processing by UsersController#following as HTML
  Parameters: {"id"=>"1"}
  [1m[36mUser Load (0.0ms)[0m  [1mSELECT "users".* FROM "users" WHERE "users"."id" = 1 LIMIT 1[0m
  [1m[35mCACHE (0.0ms)[0m  SELECT "users".* FROM "users" WHERE "users"."id" = 1 LIMIT 1
  [1m[36mUser Load (2.9ms)[0m  [1mSELECT "users".* FROM "users" INNER JOIN "relationships" ON "users".id = "relationships".followed_id WHERE (("relationships".follower_id = 1)) LIMIT 30 OFFSET 0[0m
  [1m[35mSQL (1.0ms)[0m  SELECT COUNT(*) FROM "users" INNER JOIN "relationships" ON "users".id = "relationships".followed_id WHERE (("relationships".follower_id = 1))
Rendered users/_user.html.erb (101.6ms)
  [1m[36mSQL (0.0ms)[0m  [1mSELECT COUNT(*) FROM "microposts" WHERE ("microposts".user_id = 1)[0m
  [1m[35mCACHE (0.0ms)[0m  SELECT COUNT(*) FROM "users" INNER JOIN "relationships" ON "users".id = "relationships".followed_id WHERE (("relationships".follower_id = 1))
  [1m[36mSQL (1.0ms)[0m  [1mSELECT COUNT(*) FROM "users" INNER JOIN "relationships" ON "users".id = "relationships".follower_id WHERE (("relationships".followed_id = 1))[0m
Rendered shared/_stats.html.erb (22.5ms)
Rendered layouts/_stylesheets.html.erb (4.9ms)
Rendered layouts/_header.html.erb (7.8ms)
Rendered layouts/_footer.html.erb (2.0ms)
Rendered users/show_follow.html.erb within layouts/application (354.5ms)
Completed 200 OK in 814ms (Views: 459.0ms | ActiveRecord: 4.9ms)


Started GET "/users/1/followers" for 127.0.0.1 at Mon May 23 13:37:19 +0400 2011
  Processing by UsersController#followers as HTML
  Parameters: {"id"=>"1"}
  [1m[35mUser Load (2.0ms)[0m  SELECT "users".* FROM "users" WHERE "users"."id" = 1 LIMIT 1
  [1m[36mCACHE (0.0ms)[0m  [1mSELECT "users".* FROM "users" WHERE "users"."id" = 1 LIMIT 1[0m
  [1m[35mUser Load (4.9ms)[0m  SELECT "users".* FROM "users" INNER JOIN "relationships" ON "users".id = "relationships".follower_id WHERE (("relationships".followed_id = 1)) LIMIT 30 OFFSET 0
  [1m[36mSQL (1.0ms)[0m  [1mSELECT COUNT(*) FROM "users" INNER JOIN "relationships" ON "users".id = "relationships".follower_id WHERE (("relationships".followed_id = 1))[0m
Rendered users/_user.html.erb (101.6ms)
  [1m[35mSQL (0.0ms)[0m  SELECT COUNT(*) FROM "microposts" WHERE ("microposts".user_id = 1)
  [1m[36mSQL (1.0ms)[0m  [1mSELECT COUNT(*) FROM "users" INNER JOIN "relationships" ON "users".id = "relationships".followed_id WHERE (("relationships".follower_id = 1))[0m
  [1m[35mCACHE (0.0ms)[0m  SELECT COUNT(*) FROM "users" INNER JOIN "relationships" ON "users".id = "relationships".follower_id WHERE (("relationships".followed_id = 1))
Rendered shared/_stats.html.erb (26.4ms)
Rendered layouts/_stylesheets.html.erb (3.9ms)
Rendered layouts/_header.html.erb (6.8ms)
Rendered layouts/_footer.html.erb (2.0ms)
Rendered users/show_follow.html.erb within layouts/application (327.1ms)
Completed 200 OK in 728ms (Views: 393.6ms | ActiveRecord: 8.8ms)
